[debug] [2021-12-15T09:09:28.223Z] ----------------------------------------------------------------------
[debug] [2021-12-15T09:09:28.225Z] Command:       C:\Program Files\nodejs\node.exe C:\Users\gedio\AppData\Roaming\npm\node_modules\firebase-tools\lib\bin\firebase.js init
[debug] [2021-12-15T09:09:28.225Z] CLI Version:   9.23.0
[debug] [2021-12-15T09:09:28.225Z] Platform:      win32
[debug] [2021-12-15T09:09:28.225Z] Node Version:  v14.17.3
[debug] [2021-12-15T09:09:28.228Z] Time:          Wed Dec 15 2021 12:09:28 GMT+0300 (East Africa Time)
[debug] [2021-12-15T09:09:28.228Z] ----------------------------------------------------------------------
[debug] 
[debug] [2021-12-15T09:09:28.231Z] >>> [apiv2][query] GET https://firebase-public.firebaseio.com/cli.json [none]
[debug] [2021-12-15T09:09:28.253Z] > command requires scopes: ["email","openid","https://www.googleapis.com/auth/cloudplatformprojects.readonly","https://www.googleapis.com/auth/firebase","https://www.googleapis.com/auth/cloud-platform"]
[debug] [2021-12-15T09:09:28.253Z] > authorizing via signed-in user (bebishuephrem1@gmail.com)
[info] 
     ######## #### ########  ######## ########     ###     ######  ########
     ##        ##  ##     ## ##       ##     ##  ##   ##  ##       ##
     ######    ##  ########  ######   ########  #########  ######  ######
     ##        ##  ##    ##  ##       ##     ## ##     ##       ## ##
     ##       #### ##     ## ######## ########  ##     ##  ######  ########

You're about to initialize a Firebase project in this directory:

  C:\Users\gedio\Projects\flowius-manage-web-master

[debug] [2021-12-15T09:09:29.529Z] <<< [apiv2][status] GET https://firebase-public.firebaseio.com/cli.json 200
[debug] [2021-12-15T09:09:29.529Z] <<< [apiv2][body] GET https://firebase-public.firebaseio.com/cli.json {"cloudBuildErrorAfter":1594252800000,"cloudBuildWarnAfter":1590019200000,"defaultNode10After":1594252800000,"minVersion":"3.0.5","node8DeploysDisabledAfter":1613390400000,"node8RuntimeDisabledAfter":1615809600000,"node8WarnAfter":1600128000000}
